0 info it worked if it ends with ok
1 verbose cli [ '/Users/RickV/.nvm/versions/node/v6.2.2/bin/node',
1 verbose cli   '/Users/RickV/.nvm/versions/node/v6.2.2/bin/npm',
1 verbose cli   'start' ]
2 info using npm@3.9.5
3 info using node@v6.2.2
4 verbose run-script [ 'prestart', 'start', 'poststart' ]
5 info lifecycle deleteme@1.0.0~prestart: deleteme@1.0.0
6 silly lifecycle deleteme@1.0.0~prestart: no script for prestart, continuing
7 info lifecycle deleteme@1.0.0~start: deleteme@1.0.0
8 verbose lifecycle deleteme@1.0.0~start: unsafe-perm in lifecycle true
9 verbose lifecycle deleteme@1.0.0~start: PATH: /Users/RickV/.nvm/versions/node/v6.2.2/lib/node_modules/npm/bin/node-gyp-bin:/Users/RickV/workspace2/deleteme/node_modules/.bin:/Users/RickV/.nvm/versions/node/v6.2.2/bin:/Users/RickV/.nvm/versions/node/v6.2.2/bin:/Users/RickV/.rvm/gems/ruby-2.2.3/bin:/Users/RickV/.rvm/gems/ruby-2.2.3@global/bin:/Users/RickV/.rvm/rubies/ruby-2.2.3/bin:/usr/local/bin:/usr/bin:/bin:/usr/sbin:/sbin:/Users/RickV/.rvm/bin
10 verbose lifecycle deleteme@1.0.0~start: CWD: /Users/RickV/workspace2/deleteme
11 silly lifecycle deleteme@1.0.0~start: Args: [ '-c', 'webpack-dev-server --hot --progress --colors' ]
12 silly lifecycle deleteme@1.0.0~start: Returned: code: 1  signal: null
13 info lifecycle deleteme@1.0.0~start: Failed to exec start script
14 verbose stack Error: deleteme@1.0.0 start: `webpack-dev-server --hot --progress --colors`
14 verbose stack Exit status 1
14 verbose stack     at EventEmitter.<anonymous> (/Users/RickV/.nvm/versions/node/v6.2.2/lib/node_modules/npm/lib/utils/lifecycle.js:245:16)
14 verbose stack     at emitTwo (events.js:106:13)
14 verbose stack     at EventEmitter.emit (events.js:191:7)
14 verbose stack     at ChildProcess.<anonymous> (/Users/RickV/.nvm/versions/node/v6.2.2/lib/node_modules/npm/lib/utils/spawn.js:24:14)
14 verbose stack     at emitTwo (events.js:106:13)
14 verbose stack     at ChildProcess.emit (events.js:191:7)
14 verbose stack     at maybeClose (internal/child_process.js:852:16)
14 verbose stack     at Process.ChildProcess._handle.onexit (internal/child_process.js:215:5)
15 verbose pkgid deleteme@1.0.0
16 verbose cwd /Users/RickV/workspace2/deleteme
17 error Darwin 15.6.0
18 error argv "/Users/RickV/.nvm/versions/node/v6.2.2/bin/node" "/Users/RickV/.nvm/versions/node/v6.2.2/bin/npm" "start"
19 error node v6.2.2
20 error npm  v3.9.5
21 error code ELIFECYCLE
22 error deleteme@1.0.0 start: `webpack-dev-server --hot --progress --colors`
22 error Exit status 1
23 error Failed at the deleteme@1.0.0 start script 'webpack-dev-server --hot --progress --colors'.
23 error Make sure you have the latest version of node.js and npm installed.
23 error If you do, this is most likely a problem with the deleteme package,
23 error not with npm itself.
23 error Tell the author that this fails on your system:
23 error     webpack-dev-server --hot --progress --colors
23 error You can get information on how to open an issue for this project with:
23 error     npm bugs deleteme
23 error Or if that isn't available, you can get their info via:
23 error     npm owner ls deleteme
23 error There is likely additional logging output above.
24 verbose exit [ 1, true ]
